<?xml version="1.0" encoding="UTF-8"?>
<!-- Generated by org.testng.reporters.JUnitReportReporter -->
<testsuite skipped="3" hostname="LAPTOP-893EKEF0" name="com.automationPOM.qa.testcases.LoginPageTest" tests="4" failures="0" timestamp="06 Jan 2021 23:45:19 GMT" time="13.073" errors="0">
  <testcase name="loginPageTitleTest" time="13.073" classname="com.automationPOM.qa.testcases.LoginPageTest"/>
  <testcase name="loginTest" classname="com.automationPOM.qa.testcases.LoginPageTest">
    <skipped/>
  </testcase> <!-- loginTest -->
  <testcase name="signInClickTest" classname="com.automationPOM.qa.testcases.LoginPageTest">
    <skipped/>
  </testcase> <!-- signInClickTest -->
  <testcase name="logoImageTest" classname="com.automationPOM.qa.testcases.LoginPageTest">
    <skipped/>
  </testcase> <!-- logoImageTest -->
</testsuite> <!-- com.automationPOM.qa.testcases.LoginPageTest -->
