<?xml version="1.0" encoding="UTF-8"?>
<!-- Generated by org.testng.reporters.JUnitReportReporter -->
<testsuite skipped="7" hostname="LAPTOP-893EKEF0" name="com.automationPOM.qa.testcases.MyAccountTest" tests="10" failures="0" timestamp="06 Jan 2021 23:45:19 GMT" time="59.256" errors="0">
  <testcase name="sendMessagesTest" time="19.591" classname="com.automationPOM.qa.testcases.MyAccountTest"/>
  <testcase name="sendMessagesTest" time="17.788" classname="com.automationPOM.qa.testcases.MyAccountTest"/>
  <testcase name="sendMessagesTest" time="21.877" classname="com.automationPOM.qa.testcases.MyAccountTest"/>
  <testcase name="subjectHeadingClick" classname="com.automationPOM.qa.testcases.MyAccountTest">
    <skipped/>
  </testcase> <!-- subjectHeadingClick -->
  <testcase name="messageAddition" classname="com.automationPOM.qa.testcases.MyAccountTest">
    <skipped/>
  </testcase> <!-- messageAddition -->
  <testcase name="ddlSelectTest" classname="com.automationPOM.qa.testcases.MyAccountTest">
    <skipped/>
  </testcase> <!-- ddlSelectTest -->
  <testcase name="searchText" classname="com.automationPOM.qa.testcases.MyAccountTest">
    <skipped/>
  </testcase> <!-- searchText -->
  <testcase name="addEmail" classname="com.automationPOM.qa.testcases.MyAccountTest">
    <skipped/>
  </testcase> <!-- addEmail -->
  <testcase name="verifyContactUsTitleTest" classname="com.automationPOM.qa.testcases.MyAccountTest">
    <skipped/>
  </testcase> <!-- verifyContactUsTitleTest -->
  <testcase name="titleMyAccountTest" classname="com.automationPOM.qa.testcases.MyAccountTest">
    <skipped/>
  </testcase> <!-- titleMyAccountTest -->
</testsuite> <!-- com.automationPOM.qa.testcases.MyAccountTest -->
